top - 21:12:25 up 53 days,  9:36,  1 user,  load average: 0,18, 0,30, 0,22
Tasks: 531 total,   1 running, 528 sleeping,   2 stopped,   0 zombie
%Cpu(s):  0,3 us,  0,8 sy,  0,0 ni, 99,0 id,  0,0 wa,  0,0 hi,  0,0 si,  0,0 st
MiB Mem : 128551,2 total, 103575,4 free,   4263,0 used,  20712,7 buff/cache
MiB Swap:   2048,0 total,   1246,1 free,    801,9 used. 123055,0 avail Mem 

    PID USER      PR  NI    VIRT    RES    SHR S  %CPU  %MEM     TIME+ COMMAND
3360105 root      20   0  727376  90516  21712 S   6,7   0,1  21:39.60 BESClient
3554315 rmikhail  20   0   12600   4304   3308 R   6,7   0,0   0:00.01 top
      1 root      20   0  171816   9408   4932 S   0,0   0,0   3:49.65 systemd
      2 root      20   0       0      0      0 S   0,0   0,0   0:00.71 kthreadd
      3 root       0 -20       0      0      0 I   0,0   0,0   0:00.00 rcu_gp
      4 root       0 -20       0      0      0 I   0,0   0,0   0:00.00 rcu_par_gp
      5 root       0 -20       0      0      0 I   0,0   0,0   0:00.00 slub_flushwq
      6 root       0 -20       0      0      0 I   0,0   0,0   0:00.00 netns
      8 root       0 -20       0      0      0 I   0,0   0,0   0:00.00 kworker/0:0H-events_highpri
     10 root       0 -20       0      0      0 I   0,0   0,0   0:00.00 mm_percpu_wq
     11 root      20   0       0      0      0 S   0,0   0,0   0:00.00 rcu_tasks_rude_
     12 root      20   0       0      0      0 S   0,0   0,0   0:00.00 rcu_tasks_trace
     13 root      20   0       0      0      0 S   0,0   0,0   0:10.11 ksoftirqd/0
     14 root      20   0       0      0      0 I   0,0   0,0  21:20.61 rcu_sched
     15 root      rt   0       0      0      0 S   0,0   0,0   0:32.22 migration/0
     16 root     -51   0       0      0      0 S   0,0   0,0   0:00.00 idle_inject/0
     18 root      20   0       0      0      0 S   0,0   0,0   0:00.00 cpuhp/0
     19 root      20   0       0      0      0 S   0,0   0,0   0:00.00 cpuhp/1
     20 root     -51   0       0      0      0 S   0,0   0,0   0:00.00 idle_inject/1
     21 root      rt   0       0      0      0 S   0,0   0,0   0:35.67 migration/1
     22 root      20   0       0      0      0 S   0,0   0,0   0:13.47 ksoftirqd/1
     24 root       0 -20       0      0      0 I   0,0   0,0   0:00.00 kworker/1:0H-events_highpri
     25 root      20   0       0      0      0 S   0,0   0,0   0:00.00 cpuhp/2
     26 root     -51   0       0      0      0 S   0,0   0,0   0:00.00 idle_inject/2
     27 root      rt   0       0      0      0 S   0,0   0,0   0:30.51 migration/2
     28 root      20   0       0      0      0 S   0,0   0,0   0:08.24 ksoftirqd/2
     30 root       0 -20       0      0      0 I   0,0   0,0   0:00.00 kworker/2:0H-events_highpri
     31 root      20   0       0      0      0 S   0,0   0,0   0:00.00 cpuhp/3
     32 root     -51   0       0      0      0 S   0,0   0,0   0:00.00 idle_inject/3
     33 root      rt   0       0      0      0 S   0,0   0,0   0:33.22 migration/3
     34 root      20   0       0      0      0 S   0,0   0,0   0:12.85 ksoftirqd/3
     36 root       0 -20       0      0      0 I   0,0   0,0   0:00.00 kworker/3:0H-events_highpri
     37 root      20   0       0      0      0 S   0,0   0,0   0:00.00 cpuhp/4
     38 root     -51   0       0      0      0 S   0,0   0,0   0:00.00 idle_inject/4
     39 root      rt   0       0      0      0 S   0,0   0,0   0:29.98 migration/4
     40 root      20   0       0      0      0 S   0,0   0,0   0:07.80 ksoftirqd/4
     42 root       0 -20       0      0      0 I   0,0   0,0   0:00.00 kworker/4:0H-events_highpri
     43 root      20   0       0      0      0 S   0,0   0,0   0:00.00 cpuhp/5
     44 root     -51   0       0      0      0 S   0,0   0,0   0:00.00 idle_inject/5
     45 root      rt   0       0      0      0 S   0,0   0,0   0:32.68 migration/5
     46 root      20   0       0      0      0 S   0,0   0,0   0:13.05 ksoftirqd/5
     48 root       0 -20       0      0      0 I   0,0   0,0   0:00.00 kworker/5:0H-events_highpri
     49 root      20   0       0      0      0 S   0,0   0,0   0:00.00 cpuhp/6
     50 root     -51   0       0      0      0 S   0,0   0,0   0:00.00 idle_inject/6
     51 root      rt   0       0      0      0 S   0,0   0,0   0:29.84 migration/6
     52 root      20   0       0      0      0 S   0,0   0,0   0:08.06 ksoftirqd/6
     54 root       0 -20       0      0      0 I   0,0   0,0   0:00.00 kworker/6:0H-events_highpri
     55 root      20   0       0      0      0 S   0,0   0,0   0:00.00 cpuhp/7
     56 root     -51   0       0      0      0 S   0,0   0,0   0:00.00 idle_inject/7
     57 root      rt   0       0      0      0 S   0,0   0,0   0:32.86 migration/7
     58 root      20   0       0      0      0 S   0,0   0,0   0:13.89 ksoftirqd/7
     60 root       0 -20       0      0      0 I   0,0   0,0   0:00.00 kworker/7:0H-events_highpri
     61 root      20   0       0      0      0 S   0,0   0,0   0:00.00 cpuhp/8
     62 root     -51   0       0      0      0 S   0,0   0,0   0:00.00 idle_inject/8
     63 root      rt   0       0      0      0 S   0,0   0,0   0:28.67 migration/8
     64 root      20   0       0      0      0 S   0,0   0,0   0:08.21 ksoftirqd/8
     66 root       0 -20       0      0      0 I   0,0   0,0   0:00.00 kworker/8:0H-events_highpri
     67 root      20   0       0      0      0 S   0,0   0,0   0:00.00 cpuhp/9
     68 root     -51   0       0      0      0 S   0,0   0,0   0:00.00 idle_inject/9
     69 root      rt   0       0      0      0 S   0,0   0,0   0:32.68 migration/9
     70 root      20   0       0      0      0 S   0,0   0,0   0:14.81 ksoftirqd/9
     72 root       0 -20       0      0      0 I   0,0   0,0   0:00.00 kworker/9:0H-events_highpri
     73 root      20   0       0      0      0 S   0,0   0,0   0:00.00 cpuhp/10
     74 root     -51   0       0      0      0 S   0,0   0,0   0:00.00 idle_inject/10
     75 root      rt   0       0      0      0 S   0,0   0,0   0:28.13 migration/10
     76 root      20   0       0      0      0 S   0,0   0,0   0:08.83 ksoftirqd/10
     78 root       0 -20       0      0      0 I   0,0   0,0   0:00.00 kworker/10:0H-events_highpri
     79 root      20   0       0      0      0 S   0,0   0,0   0:00.00 cpuhp/11
     80 root     -51   0       0      0      0 S   0,0   0,0   0:00.00 idle_inject/11
     81 root      rt   0       0      0      0 S   0,0   0,0   0:30.85 migration/11
     82 root      20   0       0      0      0 S   0,0   0,0   0:16.53 ksoftirqd/11
     84 root       0 -20       0      0      0 I   0,0   0,0   0:00.00 kworker/11:0H-events_highpri
     85 root      20   0       0      0      0 S   0,0   0,0   0:00.00 cpuhp/12
     86 root     -51   0       0      0      0 S   0,0   0,0   0:00.00 idle_inject/12
     87 root      rt   0       0      0      0 S   0,0   0,0   0:25.03 migration/12
     88 root      20   0       0      0      0 S   0,0   0,0   0:15.75 ksoftirqd/12
     90 root       0 -20       0      0      0 I   0,0   0,0   0:00.00 kworker/12:0H-events_highpri
     91 root      20   0       0      0      0 S   0,0   0,0   0:00.00 cpuhp/13
     92 root     -51   0       0      0      0 S   0,0   0,0   0:00.00 idle_inject/13
     93 root      rt   0       0      0      0 S   0,0   0,0   0:28.55 migration/13
     94 root      20   0       0      0      0 S   0,0   0,0   0:11.65 ksoftirqd/13
     96 root       0 -20       0      0      0 I   0,0   0,0   0:00.00 kworker/13:0H-events_highpri
     97 root      20   0       0      0      0 S   0,0   0,0   0:00.00 cpuhp/14
     98 root     -51   0       0      0      0 S   0,0   0,0   0:00.00 idle_inject/14
     99 root      rt   0       0      0      0 S   0,0   0,0   0:25.17 migration/14
    100 root      20   0       0      0      0 S   0,0   0,0   0:13.91 ksoftirqd/14
    102 root       0 -20       0      0      0 I   0,0   0,0   0:00.00 kworker/14:0H-events_highpri
    103 root      20   0       0      0      0 S   0,0   0,0   0:00.00 cpuhp/15
    104 root     -51   0       0      0      0 S   0,0   0,0   0:00.00 idle_inject/15
    105 root      rt   0       0      0      0 S   0,0   0,0   0:28.85 migration/15
    106 root      20   0       0      0      0 S   0,0   0,0   0:11.79 ksoftirqd/15
    108 root       0 -20       0      0      0 I   0,0   0,0   0:00.00 kworker/15:0H-events_highpri
    109 root      20   0       0      0      0 S   0,0   0,0   0:00.00 cpuhp/16
    110 root     -51   0       0      0      0 S   0,0   0,0   0:00.00 idle_inject/16
    111 root      rt   0       0      0      0 S   0,0   0,0   0:41.09 migration/16
    112 root      20   0       0      0      0 S   0,0   0,0   0:26.67 ksoftirqd/16
    114 root       0 -20       0      0      0 I   0,0   0,0   0:00.00 kworker/16:0H-events_highpri
    115 root      20   0       0      0      0 S   0,0   0,0   0:00.00 cpuhp/17
    116 root     -51   0       0      0      0 S   0,0   0,0   0:00.00 idle_inject/17
    117 root      rt   0       0      0      0 S   0,0   0,0   0:33.92 migration/17
    118 root      20   0       0      0      0 S   0,0   0,0   0:27.31 ksoftirqd/17
    120 root       0 -20       0      0      0 I   0,0   0,0   0:00.00 kworker/17:0H-events_highpri
    121 root      20   0       0      0      0 S   0,0   0,0   0:00.00 cpuhp/18
    122 root     -51   0       0      0      0 S   0,0   0,0   0:00.00 idle_inject/18
    123 root      rt   0       0      0      0 S   0,0   0,0   0:32.41 migration/18
    124 root      20   0       0      0      0 S   0,0   0,0   0:26.68 ksoftirqd/18
    126 root       0 -20       0      0      0 I   0,0   0,0   0:00.00 kworker/18:0H-events_highpri
    127 root      20   0       0      0      0 S   0,0   0,0   0:00.00 cpuhp/19
    128 root     -51   0       0      0      0 S   0,0   0,0   0:00.00 idle_inject/19
    129 root      rt   0       0      0      0 S   0,0   0,0   0:30.87 migration/19
    130 root      20   0       0      0      0 S   0,0   0,0   0:27.04 ksoftirqd/19
    132 root       0 -20       0      0      0 I   0,0   0,0   0:00.00 kworker/19:0H-events_highpri
    133 root      20   0       0      0      0 S   0,0   0,0   0:00.00 cpuhp/20
    134 root     -51   0       0      0      0 S   0,0   0,0   0:00.00 idle_inject/20
    135 root      rt   0       0      0      0 S   0,0   0,0   0:29.95 migration/20
    136 root      20   0       0      0      0 S   0,0   0,0   0:27.51 ksoftirqd/20
    138 root       0 -20       0      0      0 I   0,0   0,0   0:00.00 kworker/20:0H-events_highpri
    139 root      20   0       0      0      0 S   0,0   0,0   0:00.00 cpuhp/21
    140 root     -51   0       0      0      0 S   0,0   0,0   0:00.00 idle_inject/21
    141 root      rt   0       0      0      0 S   0,0   0,0   0:29.69 migration/21
    142 root      20   0       0      0      0 S   0,0   0,0   0:30.20 ksoftirqd/21
    144 root       0 -20       0      0      0 I   0,0   0,0   0:00.00 kworker/21:0H-events_highpri
    145 root      20   0       0      0      0 S   0,0   0,0   0:00.00 cpuhp/22
    146 root     -51   0       0      0      0 S   0,0   0,0   0:00.00 idle_inject/22
    147 root      rt   0       0      0      0 S   0,0   0,0   0:29.11 migration/22
    148 root      20   0       0      0      0 S   0,0   0,0   0:29.58 ksoftirqd/22
    150 root       0 -20       0      0      0 I   0,0   0,0   0:00.00 kworker/22:0H-events_highpri
    151 root      20   0       0      0      0 S   0,0   0,0   0:00.00 cpuhp/23
    152 root     -51   0       0      0      0 S   0,0   0,0   0:00.00 idle_inject/23
    153 root      rt   0       0      0      0 S   0,0   0,0   0:31.27 migration/23
    154 root      20   0       0      0      0 S   0,0   0,0   0:31.72 ksoftirqd/23
    156 root       0 -20       0      0      0 I   0,0   0,0   0:00.00 kworker/23:0H-kblockd
    157 root      20   0       0      0      0 S   0,0   0,0   0:00.00 kdevtmpfs
    158 root       0 -20       0      0      0 I   0,0   0,0   0:00.00 inet_frag_wq
    159 root      20   0       0      0      0 S   0,0   0,0   0:00.00 kauditd
    163 root      20   0       0      0      0 S   0,0   0,0   0:08.67 khungtaskd
    164 root      20   0       0      0      0 S   0,0   0,0   0:02.32 oom_reaper
    165 root       0 -20       0      0      0 I   0,0   0,0   0:00.00 writeback
    166 root      20   0       0      0      0 S   0,0   0,0   7:26.05 kcompactd0
    167 root      25   5       0      0      0 S   0,0   0,0   0:00.00 ksmd
    168 root      39  19       0      0      0 S   0,0   0,0   0:56.74 khugepaged
    215 root       0 -20       0      0      0 I   0,0   0,0   0:00.00 kintegrityd
    216 root       0 -20       0      0      0 I   0,0   0,0   0:00.00 kblockd
    217 root       0 -20       0      0      0 I   0,0   0,0   0:00.00 blkcg_punt_bio
    218 root       0 -20       0      0      0 I   0,0   0,0   0:00.00 tpm_dev_wq
    219 root       0 -20       0      0      0 I   0,0   0,0   0:00.00 ata_sff
    220 root       0 -20       0      0      0 I   0,0   0,0   0:00.00 md
    221 root       0 -20       0      0      0 I   0,0   0,0   0:00.00 edac-poller
    222 root       0 -20       0      0      0 I   0,0   0,0   0:00.00 devfreq_wq
    223 root     -51   0       0      0      0 S   0,0   0,0   0:00.00 watchdogd
    226 root       0 -20       0      0      0 I   0,0   0,0   0:02.89 kworker/0:1H-kblockd
    229 root      20   0       0      0      0 S   0,0   0,0   2:22.34 kswapd0
    230 root      20   0       0      0      0 S   0,0   0,0   0:00.00 ecryptfs-kthrea
    232 root       0 -20       0      0      0 I   0,0   0,0   0:00.00 kthrotld
    233 root     -51   0       0      0      0 S   0,0   0,0   0:00.00 irq/122-aerdrv
    234 root     -51   0       0      0      0 S   0,0   0,0   0:00.00 irq/123-pciehp
    235 root     -51   0       0      0      0 S   0,0   0,0   0:00.00 irq/125-pciehp
    236 root     -51   0       0      0      0 S   0,0   0,0   0:00.00 irq/126-aerdrv
    237 root     -51   0       0      0      0 S   0,0   0,0   0:00.00 irq/127-pciehp
    238 root       0 -20       0      0      0 I   0,0   0,0   0:00.00 acpi_thermal_pm
    240 root       0 -20       0      0      0 I   0,0   0,0   0:00.00 vfio-irqfd-clea
    242 root       0 -20       0      0      0 I   0,0   0,0   0:00.00 mld
    243 root       0 -20       0      0      0 I   0,0   0,0   0:00.00 ipv6_addrconf
    254 root       0 -20       0      0      0 I   0,0   0,0   0:00.00 kstrp
    263 root       0 -20       0      0      0 I   0,0   0,0   0:00.00 zswap-shrink
    297 root       0 -20       0      0      0 I   0,0   0,0   0:00.00 kworker/u49:0-hci0
    304 root       0 -20       0      0      0 I   0,0   0,0   0:00.00 charger_manager
    328 root       0 -20       0      0      0 I   0,0   0,0   0:03.33 kworker/4:1H-kblockd
    351 root       0 -20       0      0      0 I   0,0   0,0   0:03.56 kworker/10:1H-kblockd
    368 root       0 -20       0      0      0 I   0,0   0,0   0:00.00 nvme-wq
    371 root       0 -20       0      0      0 I   0,0   0,0   0:00.00 nvme-reset-wq
    373 root       0 -20       0      0      0 I   0,0   0,0   0:00.00 nvme-delete-wq
    392 root       0 -20       0      0      0 I   0,0   0,0   0:00.18 kworker/15:1H-kblockd
    394 root      20   0       0      0      0 S   0,0   0,0   0:00.00 scsi_eh_0
    395 root       0 -20       0      0      0 I   0,0   0,0   0:00.00 scsi_tmf_0
    396 root      20   0       0      0      0 S   0,0   0,0   0:00.00 scsi_eh_1
    397 root       0 -20       0      0      0 I   0,0   0,0   0:00.00 scsi_tmf_1
    398 root      20   0       0      0      0 S   0,0   0,0   0:00.00 scsi_eh_2
    399 root       0 -20       0      0      0 I   0,0   0,0   0:00.00 scsi_tmf_2
    400 root      20   0       0      0      0 S   0,0   0,0   0:00.00 scsi_eh_3
    401 root       0 -20       0      0      0 I   0,0   0,0   0:00.00 scsi_tmf_3
    402 root      20   0       0      0      0 S   0,0   0,0   0:00.00 scsi_eh_4
    403 root       0 -20       0      0      0 I   0,0   0,0   0:00.00 scsi_tmf_4
    404 root      20   0       0      0      0 S   0,0   0,0   0:00.00 scsi_eh_5
    405 root       0 -20       0      0      0 I   0,0   0,0   0:00.00 scsi_tmf_5
    406 root      20   0       0      0      0 S   0,0   0,0   0:00.00 scsi_eh_6
    407 root       0 -20       0      0      0 I   0,0   0,0   0:00.00 scsi_tmf_6
    408 root      20   0       0      0      0 S   0,0   0,0   0:00.00 scsi_eh_7
    409 root       0 -20       0      0      0 I   0,0   0,0   0:00.00 scsi_tmf_7
    412 root       0 -20       0      0      0 I   0,0   0,0   0:02.92 kworker/2:1H-kblockd
    415 root       0 -20       0      0      0 I   0,0   0,0   0:03.48 kworker/8:1H-kblockd
    434 root      20   0       0      0      0 S   0,0   0,0   2:28.98 jbd2/nvme0n1p2-
    435 root       0 -20       0      0      0 I   0,0   0,0   0:00.00 ext4-rsv-conver
    439 root       0 -20       0      0      0 I   0,0   0,0   0:09.62 kworker/14:1H-kblockd
    471 root       0 -20       0      0      0 I   0,0   0,0   0:07.81 kworker/12:1H-kblockd
    475 root       0 -20       0      0      0 I   0,0   0,0   0:03.74 kworker/6:1H-kblockd
    477 root      19  -1  152636  67676  66628 S   0,0   0,1   0:53.28 systemd-journal
    494 root       0 -20       0      0      0 I   0,0   0,0   0:04.95 kworker/16:1H-kblockd
    511 root       0 -20       0      0      0 I   0,0   0,0   0:02.19 kworker/17:1H-kblockd
    512 root      20   0   25280   5372   2228 S   0,0   0,0   0:07.65 systemd-udevd
    515 root       0 -20       0      0      0 I   0,0   0,0   0:00.43 kworker/1:1H-kblockd
    618 root       0 -20       0      0      0 I   0,0   0,0   0:00.57 kworker/19:1H-kblockd
    619 root       0 -20       0      0      0 I   0,0   0,0   0:00.25 kworker/7:1H-kblockd
    620 root       0 -20       0      0      0 I   0,0   0,0   0:00.24 kworker/5:1H-kblockd
    621 root       0 -20       0      0      0 I   0,0   0,0   0:00.29 kworker/11:1H-kblockd
    622 root       0 -20       0      0      0 I   0,0   0,0   0:00.24 kworker/3:1H-kblockd
    623 root       0 -20       0      0      0 I   0,0   0,0   0:00.17 kworker/9:1H-kblockd
    624 root       0 -20       0      0      0 I   0,0   0,0   0:00.26 kworker/22:1H-kblockd
    625 root       0 -20       0      0      0 I   0,0   0,0   0:00.19 kworker/13:1H-kblockd
    627 root       0 -20       0      0      0 I   0,0   0,0   0:00.28 kworker/23:1H-kblockd
    630 root     -51   0       0      0      0 S   0,0   0,0   0:00.00 irq/156-mei_me
    631 root       0 -20       0      0      0 I   0,0   0,0   0:00.47 kworker/20:1H-kblockd
    632 root       0 -20       0      0      0 I   0,0   0,0   0:00.00 cfg80211
    636 root       0 -20       0      0      0 I   0,0   0,0   0:01.09 kworker/18:1H-kblockd
    649 root       0 -20       0      0      0 I   0,0   0,0   0:00.00 led_workqueue
    650 root       0 -20       0      0      0 I   0,0   0,0   0:00.45 kworker/21:1H-kblockd
    651 root       0 -20       0      0      0 I   0,0   0,0   0:00.00 cryptd
    654 root       0 -20       0      0      0 I   0,0   0,0   0:00.00 led_workqueue
    657 root     -51   0       0      0      0 S   0,0   0,0   1:34.65 irq/157-iwlwifi
    659 root     -51   0       0      0      0 S   0,0   0,0   0:00.00 irq/158-iwlwifi
    660 root     -51   0       0      0      0 S   0,0   0,0   0:00.00 irq/159-iwlwifi
    661 root     -51   0       0      0      0 S   0,0   0,0   0:00.00 irq/160-iwlwifi
    662 root     -51   0       0      0      0 S   0,0   0,0   0:00.00 irq/161-iwlwifi
    664 root     -51   0       0      0      0 S   0,0   0,0   0:00.00 irq/162-iwlwifi
    667 root     -51   0       0      0      0 S   0,0   0,0   0:00.00 irq/163-iwlwifi
    670 root     -51   0       0      0      0 S   0,0   0,0   0:00.00 irq/164-iwlwifi
    673 root     -51   0       0      0      0 S   0,0   0,0   0:00.00 irq/165-iwlwifi
    675 root     -51   0       0      0      0 S   0,0   0,0   0:00.00 irq/166-iwlwifi
    678 root     -51   0       0      0      0 S   0,0   0,0   0:00.00 irq/167-iwlwifi
    679 root     -51   0       0      0      0 S   0,0   0,0   0:00.00 irq/168-iwlwifi
    680 root     -51   0       0      0      0 S   0,0   0,0   0:00.00 irq/169-iwlwifi
    682 root     -51   0       0      0      0 S   0,0   0,0   0:00.00 irq/170-iwlwifi
    684 root     -51   0       0      0      0 S   0,0   0,0   0:00.00 irq/171-iwlwifi
    686 root     -51   0       0      0      0 S   0,0   0,0   0:00.00 irq/172-iwlwifi
    777 root       0 -20       0      0      0 I   0,0   0,0   0:04.76 kworker/u49:2-rb_allocator
    873 systemd+  20   0   25616   3188   2524 S   0,0   0,0   2:14.04 systemd-resolve
    874 systemd+  20   0   90916    672    480 S   0,0   0,0   0:14.19 systemd-timesyn
    910 root      20   0  239928   2052      0 S   0,0   0,0   1:58.03 accounts-daemon
    911 root      20   0    2548      0      0 S   0,0   0,0   0:00.01 acpid
    914 avahi     20   0    8540    256      0 S   0,0   0,0   0:33.88 avahi-daemon
    916 root      20   0    8376    284      0 S   0,0   0,0   0:00.05 bluetoothd
    918 root      20   0    9760   1688   1524 S   0,0   0,0   0:11.49 cron
    922 message+  20   0   10144   4512   1992 S   0,0   0,0  11:41.23 dbus-daemon
    927 root      20   0  549876   8560   5272 S   0,0   0,0 109:30.00 NetworkManager
    932 root      20   0   81992    992    812 S   0,0   0,0   9:40.12 irqbalance
    934 root      20   0   40072    408      4 S   0,0   0,0   0:00.04 networkd-dispat
    938 root      20   0  241532   6276   1564 S   0,0   0,0   2:25.74 polkitd
    942 syslog    20   0  224528   2508   1304 S   0,0   0,0   0:12.71 rsyslogd
    951 root      20   0  235952      8      0 S   0,0   0,0   0:00.01 switcheroo-cont
    956 root      20   0   17832   3828   3088 S   0,0   0,0   0:18.05 systemd-logind
    958 root      20   0  126612    544    248 S   0,0   0,0   6:11.04 thermald
    960 root      20   0  393996   7524   4696 S   0,0   0,0   3:08.23 udisksd
    962 root      20   0   14076   1788   1392 S   0,0   0,0   3:46.61 wpa_supplicant
    969 avahi     20   0    8348     36      0 S   0,0   0,0   0:00.00 avahi-daemon
   1022 root      20   0 3051368  13624   7844 S   0,0   0,0  81:44.15 containerd
   1033 root      20   0  315116    804      0 S   0,0   0,0   0:01.35 ModemManager
   1101 root      20   0  118380      0      0 S   0,0   0,0   0:00.02 unattended-upgr
   1247 root      20   0 2935212  26736   8868 S   0,0   0,0  20:30.76 dockerd
   1318 root      20   0 2095756  13464   3352 S   0,0   0,0  67:49.03 containerd
   1690 root      20   0 2925004  12220      0 S   0,0   0,0  40:25.45 dockerd
   1693 whoopsie  20   0  253128    792      0 S   0,0   0,0   0:01.05 whoopsie
   1702 kernoops  20   0   11268    920    824 S   0,0   0,0   3:51.86 kerneloops
   1704 kernoops  20   0   11268    100      0 S   0,0   0,0   3:52.98 kerneloops
   1747 root      20   0    2496      0      0 S   0,0   0,0   0:00.00 bpfilter_umh
   1913 root      20   0  239956    144      0 S   0,0   0,0   0:00.04 gdm3
   1923 gdm       20   0   19532   5464   4280 S   0,0   0,0   0:01.64 systemd
   1924 gdm       20   0  169896    152      0 S   0,0   0,0   0:00.00 (sd-pam)
   1931 gdm       39  19  585488   8608   6120 S   0,0   0,0   0:00.34 tracker-miner-f
   1934 gdm       20   0    7384    748    304 S   0,0   0,0   0:00.18 dbus-daemon
   1944 gdm       20   0  240060    996    516 S   0,0   0,0   0:00.05 gvfsd
   1946 rtkit     21   1  152936    712    588 S   0,0   0,0   0:55.71 rtkit-daemon
   1963 gdm       20   0  312816      0      0 S   0,0   0,0   0:00.00 gvfsd-fuse
   1970 gdm       20   0  314400   1592      4 S   0,0   0,0   1:17.60 gvfs-udisks2-vo
   1997 gdm       20   0  317068    464      0 S   0,0   0,0   3:37.01 gvfs-afc-volume
   2004 gdm       20   0  236048    396      0 S   0,0   0,0   0:00.01 gvfs-mtp-volume
   2008 gdm       20   0  238456    384      0 S   0,0   0,0   0:00.01 gvfs-gphoto2-vo
   2012 gdm       20   0  236220    352      0 S   0,0   0,0   0:00.01 gvfs-goa-volume
   2016 gdm       20   0  553636    564      4 S   0,0   0,0   0:00.93 goa-daemon
   2026 gdm       20   0  315100   1244    392 S   0,0   0,0   7:01.07 goa-identity-se
   2032 root      20   0  252580   2132   1472 S   0,0   0,0   0:00.65 upowerd
   2039 root      20   0  167020    476      0 S   0,0   0,0   0:00.12 gdm-session-wor
   2052 gdm       20   0  164360      4      4 S   0,0   0,0   0:00.00 gdm-x-session
   2055 root      20   0  253440   1772   1428 S   0,0   0,0   0:13.56 Xorg
   2084 gdm       20   0    5296      0      0 S   0,0   0,0   0:00.00 dbus-run-sessio
   2085 gdm       20   0    7548      4      4 S   0,0   0,0   0:00.02 dbus-daemon
   2086 gdm       20   0  410460    948    312 S   0,0   0,0   0:01.06 gnome-session-b
   2092 gdm       20   0  305528      8      8 S   0,0   0,0   0:00.00 at-spi-bus-laun
   2097 gdm       20   0    7248      0      0 S   0,0   0,0   0:00.00 dbus-daemon
   2185 gdm       20   0 6603324  50424  17168 S   0,0   0,0  29:28.53 gnome-shell
   2235 gdm       20   0  311300      4      4 S   0,0   0,0   0:00.13 ibus-daemon
   2238 gdm       20   0  236868      0      0 S   0,0   0,0   0:00.00 ibus-dconf
   2241 gdm       20   0  188304      0      0 S   0,0   0,0   0:00.00 ibus-x11
   2243 gdm       20   0  236848      0      0 S   0,0   0,0   0:00.00 ibus-portal
   2254 gdm       20   0  162916      0      0 S   0,0   0,0   0:00.00 at-spi2-registr
   2258 gdm       20   0  235940      0      0 S   0,0   0,0   0:00.00 xdg-permission-
   2264 gdm        9 -11  882884    240      0 S   0,0   0,0   0:00.55 pulseaudio
   2277 gdm       20   0 2930532      0      0 S   0,0   0,0   0:00.02 gjs
   2287 gdm       20   0  465120   2092    856 S   0,0   0,0   4:38.93 gsd-sharing
   2289 gdm       20   0  335396      0      0 S   0,0   0,0   0:00.01 gsd-wacom
   2290 gdm       20   0  485232   2796   2596 S   0,0   0,0   0:28.87 gsd-color
   2291 gdm       20   0  335760    536      4 S   0,0   0,0   0:00.15 gsd-keyboard
   2292 gdm       20   0  248564    868    576 S   0,0   0,0   0:00.55 gsd-print-notif
   2293 gdm       20   0  457444   2716   2188 S   0,0   0,0   0:00.90 gsd-rfkill
   2294 gdm       20   0  315508      4      4 S   0,0   0,0   0:00.00 gsd-smartcard
   2296 gdm       20   0  373956      0      0 S   0,0   0,0   0:00.00 gsd-datetime
   2299 gdm       20   0  826172    716     84 S   0,0   0,0   0:00.58 gsd-media-keys
   2302 gdm       20   0  235852      4      4 S   0,0   0,0   0:00.00 gsd-screensaver
   2305 gdm       20   0  319692      0      0 S   0,0   0,0   0:00.00 gsd-sound
   2307 gdm       20   0  310004      0      0 S   0,0   0,0   0:00.00 gsd-a11y-settin
   2309 gdm       20   0  312060   4004   3556 S   0,0   0,0   3:28.45 gsd-housekeepin
   2313 gdm       20   0  163040      0      0 S   0,0   0,0   0:00.05 ibus-engine-sim
   2314 gdm       20   0  336804   1380    756 S   0,0   0,0   0:08.08 gsd-power
   2360 colord    20   0  861488   1116      0 S   0,0   0,0   0:00.09 colord
   2364 gdm       20   0  342528      4      4 S   0,0   0,0   0:00.00 gsd-printer
   2403 gdm       20   0  162596   1212    804 S   0,0   0,0   0:00.02 gvfsd-metadata
   2560 root      20   0  167548    876      0 S   0,0   0,0   0:00.23 gdm-session-wor
   2576 labadmin  20   0   19940   5600   4136 S   0,0   0,0  17:17.71 systemd
   2577 labadmin  20   0  169896    152      0 S   0,0   0,0   0:00.00 (sd-pam)
   2583 labadmin   9 -11 2720228   1312    244 S   0,0   0,0   0:00.67 pulseaudio
   2585 labadmin  39  19  585628   8452   6188 S   0,0   0,0   0:00.34 tracker-miner-f
   2589 labadmin  20   0    8200   1160      0 S   0,0   0,0   0:00.69 dbus-daemon
   2591 labadmin  20   0  240524    576      0 S   0,0   0,0   0:00.16 gnome-keyring-d
   2608 labadmin  20   0  240056    528      0 S   0,0   0,0   0:00.06 gvfsd
   2613 labadmin  20   0  378352      0      0 S   0,0   0,0   0:00.00 gvfsd-fuse
   2620 labadmin  20   0  314392   3300   1704 S   0,0   0,0   1:17.72 gvfs-udisks2-vo
   2627 labadmin  20   0  317068    420      0 S   0,0   0,0   3:35.66 gvfs-afc-volume
   2632 labadmin  20   0  236048    400      0 S   0,0   0,0   0:00.01 gvfs-mtp-volume
   2637 labadmin  20   0  238456    524     80 S   0,0   0,0   0:00.01 gvfs-gphoto2-vo
   2642 labadmin  20   0  236220   1368    984 S   0,0   0,0   0:00.02 gvfs-goa-volume
   2647 labadmin  20   0  553636   1732   1176 S   0,0   0,0   0:00.93 goa-daemon
   2648 root      10 -10       0      0      0 S   0,0   0,0   0:00.00 krfcommd
   2655 labadmin  20   0  315100   1356      0 S   0,0   0,0   4:56.91 goa-identity-se
   2671 labadmin  20   0  164360      4      4 S   0,0   0,0   0:00.00 gdm-x-session
   2673 root      20   0  326076  40624  21372 S   0,0   0,0   0:12.48 Xorg
   2679 labadmin  20   0  188560      4      4 S   0,0   0,0   0:00.01 gnome-session-b
   2746 labadmin  20   0    6040     36      0 S   0,0   0,0   0:27.52 ssh-agent
   2763 labadmin  20   0  305416      0      0 S   0,0   0,0   0:00.00 at-spi-bus-laun
   2768 labadmin  20   0    7380    588    212 S   0,0   0,0   0:00.03 dbus-daemon
   2841 labadmin  20   0   90404      0      0 S   0,0   0,0   0:00.00 gnome-session-c
   2848 labadmin  20   0  410708   1940   1200 S   0,0   0,0   0:01.13 gnome-session-b
   2863 labadmin  20   0 7055052 115376  50252 S   0,0   0,1  32:54.84 gnome-shell
   2920 labadmin  20   0  311392      4      4 S   0,0   0,0   0:00.05 ibus-daemon
   2924 labadmin  20   0  236864      0      0 S   0,0   0,0   0:00.00 ibus-dconf
   2925 labadmin  20   0  276732     32      0 S   0,0   0,0   0:00.44 ibus-extension-
   2927 labadmin  20   0  199000    104      0 S   0,0   0,0   0:00.12 ibus-x11
   2930 labadmin  20   0  236848    576    252 S   0,0   0,0   0:00.07 ibus-portal
   2942 labadmin  20   0  162916    772    612 S   0,0   0,0   0:00.03 at-spi2-registr
   2946 labadmin  20   0  235940      0      0 S   0,0   0,0   0:00.00 xdg-permission-
   2948 labadmin  20   0  581132      0      0 S   0,0   0,0   0:00.01 gnome-shell-cal
   2957 labadmin  20   0 1070544   4428   3448 S   0,0   0,0   0:00.46 evolution-sourc
   2966 labadmin  20   0  839020   2520   1528 S   0,0   0,0   0:01.47 evolution-calen
   2971 labadmin  20   0  156208   2088   1616 S   0,0   0,0   0:00.02 dconf-service
   2985 labadmin  20   0  673528    648      0 S   0,0   0,0   0:00.94 evolution-addre
   2999 labadmin  20   0 2930632      0      0 S   0,0   0,0   0:00.02 gjs
   3011 labadmin  20   0  314300   3240   2704 S   0,0   0,0   0:00.33 gvfsd-trash
   3024 labadmin  20   0  309996      0      0 S   0,0   0,0   0:00.00 gsd-a11y-settin
   3025 labadmin  20   0  421556   3332   2908 S   0,0   0,0   0:27.87 gsd-color
   3026 labadmin  20   0  373948      0      0 S   0,0   0,0   0:00.00 gsd-datetime
   3027 labadmin  20   0  312132   4340   3840 S   0,0   0,0   3:26.73 gsd-housekeepin
   3030 labadmin  20   0  346960   1208    368 S   0,0   0,0   0:00.35 gsd-keyboard
   3032 labadmin  20   0  689116   1064     12 S   0,0   0,0   0:00.70 gsd-media-keys
   3033 labadmin  20   0  421156   2236   1448 S   0,0   0,0   0:07.93 gsd-power
   3035 labadmin  20   0  248560    984    676 S   0,0   0,0   0:00.55 gsd-print-notif
   3037 labadmin  20   0  457440   1684   1216 S   0,0   0,0   0:00.87 gsd-rfkill
   3039 labadmin  20   0  235852      4      4 S   0,0   0,0   0:00.00 gsd-screensaver
   3042 labadmin  20   0  465112   2592   1360 S   0,0   0,0   4:42.74 gsd-sharing
   3045 labadmin  20   0  315500      0      0 S   0,0   0,0   0:00.00 gsd-smartcard
   3050 labadmin  20   0  319684      0      0 S   0,0   0,0   0:00.00 gsd-sound
   3053 labadmin  20   0  385304      0      0 S   0,0   0,0   0:00.00 gsd-usb-protect
   3057 labadmin  20   0  272772    124      0 S   0,0   0,0   0:00.11 gsd-wacom
   3061 labadmin  20   0  314424      0      0 S   0,0   0,0   0:00.00 gsd-wwan
   3066 labadmin  20   0  346940    528      0 S   0,0   0,0   0:00.19 gsd-xsettings
   3075 labadmin  20   0  231808   3428   2068 S   0,0   0,0   0:02.21 gsd-disk-utilit
   3090 labadmin  20   0  646952   3816   2512 S   0,0   0,0   0:08.32 evolution-alarm
   3098 labadmin  20   0  342528      4      4 S   0,0   0,0   0:00.00 gsd-printer
   3132 labadmin  20   0  163040      0      0 S   0,0   0,0   0:00.02 ibus-engine-sim
   3196 labadmin  20   0  869032   5628   1696 S   0,0   0,0   0:26.65 gnome-calendar
   3500 labadmin  20   0  814868   1728   1364 S   0,0   0,0   0:00.79 gnome-terminal-
   3584 labadmin  20   0   11356      8      4 S   0,0   0,0   0:00.02 bash
   3629 labadmin  20   0  162600   2660   2256 S   0,0   0,0   0:00.02 gvfsd-metadata
   3632 labadmin  20   0  420800  13508   9948 S   0,0   0,0   2:14.42 update-notifier
   3703 labadmin  30  10  940728  13480   4052 S   0,0   0,0   0:02.50 update-manager
  15248 root       0 -20       0      0      0 I   0,0   0,0   0:00.00 xfsalloc
  15249 root       0 -20       0      0      0 I   0,0   0,0   0:00.00 xfs_mru_cache
  15253 root      20   0       0      0      0 S   0,0   0,0   0:00.00 jfsIO
  15254 root      20   0       0      0      0 S   0,0   0,0   0:00.00 jfsCommit
  15255 root      20   0       0      0      0 S   0,0   0,0   0:00.00 jfsCommit
  15256 root      20   0       0      0      0 S   0,0   0,0   0:00.00 jfsCommit
  15257 root      20   0       0      0      0 S   0,0   0,0   0:00.00 jfsCommit
  15258 root      20   0       0      0      0 S   0,0   0,0   0:00.00 jfsCommit
  15259 root      20   0       0      0      0 S   0,0   0,0   0:00.00 jfsCommit
  15260 root      20   0       0      0      0 S   0,0   0,0   0:00.00 jfsCommit
  15261 root      20   0       0      0      0 S   0,0   0,0   0:00.00 jfsCommit
  15262 root      20   0       0      0      0 S   0,0   0,0   0:00.00 jfsCommit
  15263 root      20   0       0      0      0 S   0,0   0,0   0:00.00 jfsCommit
  15264 root      20   0       0      0      0 S   0,0   0,0   0:00.00 jfsCommit
  15265 root      20   0       0      0      0 S   0,0   0,0   0:00.00 jfsCommit
  15266 root      20   0       0      0      0 S   0,0   0,0   0:00.00 jfsCommit
  15267 root      20   0       0      0      0 S   0,0   0,0   0:00.00 jfsCommit
  15268 root      20   0       0      0      0 S   0,0   0,0   0:00.00 jfsCommit
  15269 root      20   0       0      0      0 S   0,0   0,0   0:00.00 jfsCommit
  15270 root      20   0       0      0      0 S   0,0   0,0   0:00.00 jfsCommit
  15271 root      20   0       0      0      0 S   0,0   0,0   0:00.00 jfsCommit
  15272 root      20   0       0      0      0 S   0,0   0,0   0:00.00 jfsCommit
  15273 root      20   0       0      0      0 S   0,0   0,0   0:00.00 jfsCommit
  15274 root      20   0       0      0      0 S   0,0   0,0   0:00.00 jfsCommit
  15275 root      20   0       0      0      0 S   0,0   0,0   0:00.00 jfsCommit
  15276 root      20   0       0      0      0 S   0,0   0,0   0:00.00 jfsCommit
  15277 root      20   0       0      0      0 S   0,0   0,0   0:00.00 jfsCommit
  15278 root      20   0       0      0      0 S   0,0   0,0   0:00.00 jfsSync
  80698 labadmin  20   0  648800   2792   2600 S   0,0   0,0   0:00.37 check-new-relea
1170183 root      20   0       0      0      0 I   0,0   0,0   0:00.00 kworker/7:0-cgroup_destroy
1187550 root      20   0       0      0      0 I   0,0   0,0   0:25.63 kworker/19:2-mm_percpu_wq
1213489 labadmin  20   0    2616     68      0 S   0,0   0,0   0:00.00 sh
1213490 labadmin  20   0  648796  26656   2536 S   0,0   0,0   0:00.36 check-new-relea
1267175 root      20   0       0      0      0 I   0,0   0,0   0:25.20 kworker/18:0-mm_percpu_wq
1284436 root      20   0       0      0      0 I   0,0   0,0   0:03.92 kworker/9:1-mm_percpu_wq
1437351 root      20   0       0      0      0 I   0,0   0,0   0:23.52 kworker/21:0-rcu_gp
1510244 root      20   0       0      0      0 I   0,0   0,0   0:00.00 kworker/19:1-cgroup_destroy
1948005 akashchi  20   0   19580   5468   4268 S   0,0   0,0   0:00.35 systemd
1948006 akashchi  20   0  173084   1112      0 S   0,0   0,0   0:00.00 (sd-pam)
1948013 akashchi  39  19  585488  12684   5264 S   0,0   0,0   0:00.14 tracker-miner-f
1948023 akashchi  20   0    7400    956    556 S   0,0   0,0   0:00.05 dbus-daemon
1948051 akashchi  20   0  240060    468      0 S   0,0   0,0   0:00.01 gvfsd
1948056 akashchi  20   0  312816      0      0 S   0,0   0,0   0:00.00 gvfsd-fuse
1948064 akashchi  20   0  314388   2896   1248 S   0,0   0,0   0:20.96 gvfs-udisks2-vo
1948085 akashchi  20   0  317068    440      0 S   0,0   0,0   0:58.85 gvfs-afc-volume
1948093 akashchi  20   0  236048    384      0 S   0,0   0,0   0:00.00 gvfs-mtp-volume
1948108 akashchi  20   0  238452    836    420 S   0,0   0,0   0:00.00 gvfs-gphoto2-vo
1948117 akashchi  20   0  236220   1040    564 S   0,0   0,0   0:00.00 gvfs-goa-volume
1948121 akashchi  20   0  553632   4988      4 S   0,0   0,0   0:00.09 goa-daemon
1948128 akashchi  20   0  315100   2560    768 S   0,0   0,0   2:36.96 goa-identity-se
1995409 root      20   0       0      0      0 I   0,0   0,0   0:07.45 kworker/13:0-mm_percpu_wq
1995453 root      20   0       0      0      0 I   0,0   0,0   0:11.66 kworker/7:1-mm_percpu_wq
1995454 root      20   0       0      0      0 I   0,0   0,0   0:16.05 kworker/11:0-mm_percpu_wq
2126686 root      20   0       0      0      0 I   0,0   0,0   0:40.65 kworker/22:0-rcu_gp
2248091 root      20   0       0      0      0 I   0,0   0,0   0:06.96 kworker/15:2-cgroup_destroy
2248100 root      20   0       0      0      0 I   0,0   0,0   0:00.00 kworker/23:1
2248102 root      20   0       0      0      0 I   0,0   0,0   0:29.60 kworker/20:0-rcu_gp
2258625 root      20   0   12608    736      0 S   0,0   0,0   0:00.01 sudo
2258637 root      20   0 2521072  10596    920 S   0,0   0,0   2:49.54 docker
2258726 root      20   0  719820   3952   1368 S   0,0   0,0   1:46.19 containerd-shim
2258748 root      20   0    4248    684      4 S   0,0   0,0   0:00.07 bash
2437229 root      20   0       0      0      0 I   0,0   0,0   0:00.00 kworker/11:2-cgroup_destroy
2624996 root      20   0       0      0      0 I   0,0   0,0   0:10.46 kworker/13:2-rcu_par_gp
2625171 root      20   0       0      0      0 I   0,0   0,0   1:25.67 kworker/23:2-events
3000395 labadmin  20   0    2616      0      0 S   0,0   0,0   0:00.00 sh
3000396 labadmin  20   0  648796   2672   2476 S   0,0   0,0   0:00.37 check-new-relea
3064585 root      20   0       0      0      0 I   0,0   0,0   0:06.44 kworker/20:2-mm_percpu_wq
3133150 root      20   0       0      0      0 I   0,0   0,0   0:00.00 kworker/3:0
3139822 root      20   0       0      0      0 I   0,0   0,0   0:04.62 kworker/17:1-rcu_gp
3168514 root      20   0       0      0      0 I   0,0   0,0   0:04.85 kworker/10:1-rcu_par_gp
3186810 root      20   0       0      0      0 I   0,0   0,0   0:36.70 kworker/3:2-mm_percpu_wq
3198510 root      20   0       0      0      0 I   0,0   0,0   0:04.43 kworker/16:1-mm_percpu_wq
3209632 root      20   0       0      0      0 I   0,0   0,0   0:01.50 kworker/21:2-mm_percpu_wq
3228635 root      20   0       0      0      0 I   0,0   0,0   0:29.12 kworker/9:2-cgroup_destroy
3353607 root      20   0       0      0      0 I   0,0   0,0   0:01.20 kworker/1:0-mm_percpu_wq
3353617 root      20   0       0      0      0 I   0,0   0,0   0:01.36 kworker/22:1-mm_percpu_wq
3354131 root      20   0       0      0      0 I   0,0   0,0   0:17.00 kworker/0:1-events_freezable
3354146 root      20   0   28776   8868   7328 S   0,0   0,0   0:00.05 cupsd
3354148 root      20   0  176360  12616  11048 S   0,0   0,0   0:00.02 cups-browsed
3360221 root      20   0  169920   7820   7144 S   0,0   0,0   0:31.06 XBESClientUI
3369713 root      20   0       0      0      0 I   0,0   0,0   0:02.51 kworker/8:1-events
3369714 root      20   0       0      0      0 I   0,0   0,0   0:02.39 kworker/6:2-events
3372909 root      20   0       0      0      0 I   0,0   0,0   0:02.60 kworker/12:1-events
3375073 root      20   0       0      0      0 I   0,0   0,0   0:00.00 kworker/12:2-cgroup_destroy
3375372 root      20   0       0      0      0 I   0,0   0,0   0:02.61 kworker/4:1-events
3378287 rmikhail  20   0   19460  10244   8264 S   0,0   0,0   0:00.22 systemd
3378288 rmikhail  20   0  173084   4768      0 S   0,0   0,0   0:00.00 (sd-pam)
3378295 rmikhail  39  19  659188  24584  16528 S   0,0   0,0   0:00.44 tracker-miner-f
3378307 rmikhail  20   0    7396   4476   3928 S   0,0   0,0   0:00.12 dbus-daemon
3378330 rmikhail  20   0  240060   7792   6936 S   0,0   0,0   0:00.01 gvfsd
3378337 rmikhail  20   0  312816   6580   5924 S   0,0   0,0   0:00.00 gvfsd-fuse
3378344 rmikhail  20   0  314396   9724   7728 S   0,0   0,0   0:00.68 gvfs-udisks2-vo
3378367 rmikhail  20   0  317068   9060   8060 S   0,0   0,0   0:01.51 gvfs-afc-volume
3378375 rmikhail  20   0  236048   6008   5400 S   0,0   0,0   0:00.00 gvfs-mtp-volume
3378384 rmikhail  20   0  238452   7556   6732 S   0,0   0,0   0:00.00 gvfs-gphoto2-vo
3378388 rmikhail  20   0  236220   6044   5508 S   0,0   0,0   0:00.00 gvfs-goa-volume
3378392 rmikhail  20   0  553632  34444  28264 S   0,0   0,0   0:00.01 goa-daemon
3378400 rmikhail  20   0  315100   9620   8060 S   0,0   0,0   0:06.54 goa-identity-se
3378511 rmikhail  20   0    2616    600    528 S   0,0   0,0   0:00.00 sh
3378521 rmikhail  20   0 1040428 182980  43184 S   0,0   0,1   2:54.75 node
3378568 rmikhail  20   0   21,8g   1,0g  50972 S   0,0   0,8  18:23.12 node
3378593 rmikhail  20   0  162592   6556   5968 S   0,0   0,0   0:00.00 gvfsd-metadata
3378600 rmikhail  20   0 1010392  94368  39636 S   0,0   0,1   1:44.90 node
3378903 rmikhail  20   0  126540  42424   8784 S   0,0   0,0   0:00.28 python3
3379662 rmikhail  20   0  762488 725084  13772 S   0,0   0,6   6:03.95 cpptools
3379692 rmikhail  20   0   22,8g 967104  42020 S   0,0   0,7   2:33.80 node
3379702 rmikhail  20   0  662892 121052  38620 S   0,0   0,1   1:33.23 node
3380017 rmikhail  20   0   10,9g 105680  44120 S   0,0   0,1   7:21.49 node
3381273 rmikhail  20   0   11524   5904   3872 S   0,0   0,0   0:00.56 bash
3384476 root      20   0       0      0      0 I   0,0   0,0   0:00.00 kworker/4:2-cgroup_destroy
3386041 root      20   0       0      0      0 I   0,0   0,0   0:00.00 kworker/18:2-events
3386042 root      20   0 2576496  29240  19672 S   0,0   0,0   0:04.73 snapd
3386367 root      20   0       0      0      0 I   0,0   0,0   0:00.41 kworker/15:1-events
3386386 root      20   0       0      0      0 I   0,0   0,0   0:00.50 kworker/5:2-events
3391503 rmikhail  20   0   11524   5920   3956 S   0,0   0,0   0:00.72 bash
3391720 root      20   0       0      0      0 I   0,0   0,0   0:02.08 kworker/2:2-events
3391721 root      20   0       0      0      0 I   0,0   0,0   0:01.77 kworker/10:0-events
3391726 rmikhail  20   0   11632   5788   3744 S   0,0   0,0   0:00.31 bash
3399807 root      20   0       0      0      0 I   0,0   0,0   0:00.00 kworker/2:1-cgroup_destroy
3403132 root      20   0   13740   9124   7664 S   0,0   0,0   0:00.01 sshd
3403208 rmikhail  20   0   13924   6020   4296 S   0,0   0,0   0:40.04 sshd
3403209 rmikhail  20   0   10100   3836   3368 S   0,0   0,0   0:00.10 bash
3420608 rmikhail  20   0   12040   6336   3828 S   0,0   0,0   0:00.42 bash
3427802 root      20   0       0      0      0 I   0,0   0,0   0:00.00 kworker/6:1-cgroup_destroy
3432673 rmikhail  20   0   11584   3524   3212 T   0,0   0,0   0:00.00 top
3435211 rmikhail  20   0   11632   3496   1456 S   0,0   0,0   0:11.09 bash
3435949 rmikhail  20   0   11632   3496   1456 S   0,0   0,0   0:11.06 bash
3445683 rmikhail  20   0  614128  61804  38588 S   0,0   0,0   0:01.00 node
3446622 rmikhail  20   0   11524   5540   3616 S   0,0   0,0   0:00.11 bash
3446906 rmikhail  20   0   19396  10224   6524 T   0,0   0,0   0:00.00 python3
3447958 rmikhail  20   0 1048448 119292  39188 S   0,0   0,1   0:52.52 node
3452112 root      20   0       0      0      0 I   0,0   0,0   0:00.00 kworker/16:0
3458773 root      20   0       0      0      0 I   0,0   0,0   0:00.66 kworker/14:1-mm_percpu_wq
3465742 root      20   0       0      0      0 I   0,0   0,0   0:00.24 kworker/17:2-events
3475036 root      20   0       0      0      0 I   0,0   0,0   0:45.48 kworker/5:1-rcu_gp
3498433 root      20   0       0      0      0 I   0,0   0,0   0:00.00 kworker/0:2-cgroup_destroy
3525898 rmikhail  20   0   11392   5556   3700 S   0,0   0,0   0:00.08 bash
3527971 akashchi  20   0  162600   1272    668 S   0,0   0,0   0:00.00 gvfsd-metadata
3541803 root      20   0       0      0      0 I   0,0   0,0   0:00.00 kworker/8:2-cgroup_destroy
3543169 root      20   0       0      0      0 I   0,0   0,0   0:00.00 kworker/14:0-cgroup_destroy
3543805 root      20   0       0      0      0 I   0,0   0,0   0:00.25 kworker/u48:2-phy0
3545953 root      20   0       0      0      0 I   0,0   0,0   0:00.10 kworker/u48:1-events_power_efficient
3548083 root      20   0       0      0      0 I   0,0   0,0   0:00.10 kworker/u48:0-writeback
3553017 rmikhail  20   0    8420    580    516 S   0,0   0,0   0:00.00 sleep
3554314 rmikhail  20   0    8420    584    516 S   0,0   0,0   0:00.00 sleep
3702169 labadmin  20   0    2616      0      0 S   0,0   0,0   0:00.00 sh
3702170 labadmin  20   0  648796   2704   2520 S   0,0   0,0   0:00.37 check-new-relea
3760710 root      20   0       0      0      0 I   0,0   0,0   0:06.73 kworker/1:2-rcu_gp
4150232 root      20   0   12192   2324   2156 S   0,0   0,0   0:00.33 sshd
