************* Module setup.py
setup.py.in:27:0: C0301: Line too long (125/100) (line-too-long)
setup.py.in:84:0: C0301: Line too long (119/100) (line-too-long)
setup.py.in:180:0: C0301: Line too long (106/100) (line-too-long)
setup.py.in:199:0: C0301: Line too long (140/100) (line-too-long)
setup.py.in:1:0: C0114: Missing module docstring (missing-module-docstring)
setup.py.in:27:48: E0602: Undefined variable 'IE_CPACK_IE_DIR' (undefined-variable)
setup.py.in:80:0: C0115: Missing class docstring (missing-class-docstring)
setup.py.in:83:12: C0103: Variable name "nl" doesn't conform to snake_case naming style (invalid-name)
setup.py.in:85:8: R1725: Consider using Python 3 style super() without arguments (super-with-arguments)
setup.py.in:80:0: R0903: Too few public methods (0/2) (too-few-public-methods)
setup.py.in:88:0: C0115: Missing class docstring (missing-class-docstring)
setup.py.in:94:0: C0115: Missing class docstring (missing-class-docstring)
setup.py.in:100:0: C0115: Missing class docstring (missing-class-docstring)
setup.py.in:124:0: C0115: Missing class docstring (missing-class-docstring)
setup.py.in:150:0: C0116: Missing function or method docstring (missing-function-docstring)
setup.py.in:154:4: C0103: Variable name "e" doesn't conform to snake_case naming style (invalid-name)
setup.py.in:160:0: C0116: Missing function or method docstring (missing-function-docstring)
setup.py.in:175:19: W1510: Using subprocess.run without explicitly set `check` is not recommended. (subprocess-run-check)
setup.py.in:184:0: C0116: Missing function or method docstring (missing-function-docstring)
setup.py.in:196:18: W0612: Unused variable 'directories' (unused-variable)
setup.py.in:204:0: C0116: Missing function or method docstring (missing-function-docstring)
setup.py.in:227:0: C0116: Missing function or method docstring (missing-function-docstring)
setup.py.in:228:56: C0103: Variable name "fh" doesn't conform to snake_case naming style (invalid-name)
setup.py.in:234:0: C0116: Missing function or method docstring (missing-function-docstring)
setup.py.in:235:64: C0103: Variable name "fh" doesn't conform to snake_case naming style (invalid-name)
setup.py.in:9:0: C0411: standard import "from distutils.command.install import install" should be placed before "from setuptools import setup, find_packages, Extension" (wrong-import-order)
setup.py.in:10:0: C0411: standard import "from distutils.command.build import build" should be placed before "from setuptools import setup, find_packages, Extension" (wrong-import-order)
setup.py.in:11:0: C0411: standard import "from distutils.errors import DistutilsSetupError" should be placed before "from setuptools import setup, find_packages, Extension" (wrong-import-order)
setup.py.in:12:0: C0411: standard import "from distutils.file_util import copy_file" should be placed before "from setuptools import setup, find_packages, Extension" (wrong-import-order)

------------------------------------------------------------------
Your code has been rated at 7.88/10 (previous run: 7.88/10, +0.00)

